Copyright 1986-2022 Xilinx, Inc. All Rights Reserved. Copyright 2022-2025 Advanced Micro Devices, Inc. All Rights Reserved.
---------------------------------------------------------------------------------------------------------------------------------------------
| Tool Version : Vivado v.2025.2 (win64) Build 6299465 Fri Nov 14 19:35:11 GMT 2025
| Date         : Fri Mar 13 20:15:25 2026
| Host         : DESKTOP-GMTC8DG running 64-bit major release  (build 9200)
| Command      : report_control_sets -verbose -file pwm_multi_freq_control_sets_placed.rpt
| Design       : pwm_multi_freq
| Device       : xc7a35t
---------------------------------------------------------------------------------------------------------------------------------------------

Control Set Information

Table of Contents
-----------------
1. Summary
2. Histogram
3. Flip-Flop Distribution
4. Detailed Control Set Information

1. Summary
----------

+----------------------------------------------------------+-------+
|                          Status                          | Count |
+----------------------------------------------------------+-------+
| Total control sets                                       |    12 |
|    Minimum number of control sets                        |    12 |
|    Addition due to synthesis replication                 |     0 |
|    Addition due to physical synthesis replication        |     0 |
| Unused register locations in slices containing registers |    47 |
+----------------------------------------------------------+-------+
* Control sets can be merged at opt_design using control_set_merge or merge_equivalent_drivers
** Run report_qor_suggestions for automated merging and remapping suggestions


2. Histogram
------------

+--------------------+-------+
|       Fanout       | Count |
+--------------------+-------+
| Total control sets |    12 |
| >= 0 to < 4        |     5 |
| >= 4 to < 6        |     1 |
| >= 6 to < 8        |     1 |
| >= 8 to < 10       |     0 |
| >= 10 to < 12      |     0 |
| >= 12 to < 14      |     0 |
| >= 14 to < 16      |     0 |
| >= 16              |     5 |
+--------------------+-------+
* Control sets can be remapped at either synth_design or opt_design


3. Flip-Flop Distribution
-------------------------

+--------------+-----------------------+------------------------+-----------------+--------------+
| Clock Enable | Synchronous Set/Reset | Asynchronous Set/Reset | Total Registers | Total Slices |
+--------------+-----------------------+------------------------+-----------------+--------------+
| No           | No                    | No                     |               6 |            4 |
| No           | No                    | Yes                    |               0 |            0 |
| No           | Yes                   | No                     |              23 |            7 |
| Yes          | No                    | No                     |               8 |            7 |
| Yes          | No                    | Yes                    |               0 |            0 |
| Yes          | Yes                   | No                     |              92 |           24 |
+--------------+-----------------------+------------------------+-----------------+--------------+


4. Detailed Control Set Information
-----------------------------------

+----------------+------------------------+----------------------------+------------------+----------------+--------------+
|  Clock Signal  |      Enable Signal     |      Set/Reset Signal      | Slice Load Count | Bel Load Count | Bels / Slice |
+----------------+------------------------+----------------------------+------------------+----------------+--------------+
|  clk_IBUF_BUFG |                        | p_0_in                     |                1 |              1 |         1.00 |
|  clk_IBUF_BUFG | d0/clear               |                            |                1 |              1 |         1.00 |
|  clk_IBUF_BUFG | d1/btn_pre_i_1__0_n_0  |                            |                1 |              1 |         1.00 |
|  clk_IBUF_BUFG | d2/btn_pre_i_1__1_n_0  |                            |                1 |              1 |         1.00 |
|  clk_IBUF_BUFG | d3/btn_pre_i_1__2_n_0  |                            |                1 |              1 |         1.00 |
|  clk_IBUF_BUFG | d1/E[0]                |                            |                3 |              4 |         1.33 |
|  clk_IBUF_BUFG |                        |                            |                4 |              6 |         1.50 |
|  clk_IBUF_BUFG |                        | pwm_counter_reg[0]_i_1_n_4 |                6 |             22 |         3.67 |
|  clk_IBUF_BUFG | d0/sel                 | d0/clear                   |                6 |             23 |         3.83 |
|  clk_IBUF_BUFG | d1/count[0]_i_1__0_n_0 | d1/btn_pre_i_1__0_n_0      |                6 |             23 |         3.83 |
|  clk_IBUF_BUFG | d2/count[0]_i_1__1_n_0 | d2/btn_pre_i_1__1_n_0      |                6 |             23 |         3.83 |
|  clk_IBUF_BUFG | d3/count[0]_i_1__2_n_0 | d3/btn_pre_i_1__2_n_0      |                6 |             23 |         3.83 |
+----------------+------------------------+----------------------------+------------------+----------------+--------------+


