
*** Running vivado
    with args -log pwm_gen.vds -m64 -product Vivado -mode batch -messageDb vivado.pb -notrace -source pwm_gen.tcl



****** Vivado v2025.2 (64-bit)
  **** SW Build 6299465 on Fri Nov 14 19:35:11 GMT 2025
  **** IP Build 6300035 on Fri Nov 14 10:48:45 MST 2025
  **** SharedData Build 6298862 on Thu Nov 13 04:50:51 MST 2025
  **** Start of session at: Mon Mar 23 20:08:25 2026
    ** Copyright 1986-2022 Xilinx, Inc. All Rights Reserved.
    ** Copyright 2022-2025 Advanced Micro Devices, Inc. All Rights Reserved.

source pwm_gen.tcl -notrace
create_project: Time (s): cpu = 00:00:17 ; elapsed = 00:00:18 . Memory (MB): peak = 531.215 ; gain = 219.473
Command: synth_design -top pwm_gen -part xc7a35tcpg236-1
Starting synth_design
Attempting to get a license for feature 'Synthesis' and/or device 'xc7a35t'
INFO: [Common 17-349] Got license for feature 'Synthesis' and/or device 'xc7a35t'
INFO: [Device 21-403] Loading part xc7a35tcpg236-1
INFO: [Synth 8-7079] Multithreading enabled for synth_design using a maximum of 2 processes.
INFO: [Synth 8-7078] Launching helper process for spawning children vivado processes
INFO: [Synth 8-7075] Helper process launched with PID 14332
---------------------------------------------------------------------------------
Starting RTL Elaboration : Time (s): cpu = 00:00:11 ; elapsed = 00:00:13 . Memory (MB): peak = 1260.664 ; gain = 539.355
---------------------------------------------------------------------------------
INFO: [Synth 8-6157] synthesizing module 'pwm_gen' [F:/HW/Chip_Design_FPT_Jetking/Semester_2/Final_Project/Git/Final_Project_Semester2_FPT_Jetking/FPGA_CODE/final_project_sem2_ver_09/final_project_sem2_ver_09.srcs/sources_1/new/pwm.v:1]
INFO: [Synth 8-6155] done synthesizing module 'pwm_gen' (0#1) [F:/HW/Chip_Design_FPT_Jetking/Semester_2/Final_Project/Git/Final_Project_Semester2_FPT_Jetking/FPGA_CODE/final_project_sem2_ver_09/final_project_sem2_ver_09.srcs/sources_1/new/pwm.v:1]
---------------------------------------------------------------------------------
Finished RTL Elaboration : Time (s): cpu = 00:00:15 ; elapsed = 00:00:17 . Memory (MB): peak = 1379.082 ; gain = 657.773
---------------------------------------------------------------------------------
---------------------------------------------------------------------------------
Start Handling Custom Attributes
---------------------------------------------------------------------------------
---------------------------------------------------------------------------------
Finished Handling Custom Attributes : Time (s): cpu = 00:00:15 ; elapsed = 00:00:17 . Memory (MB): peak = 1379.082 ; gain = 657.773
---------------------------------------------------------------------------------
---------------------------------------------------------------------------------
Finished RTL Optimization Phase 1 : Time (s): cpu = 00:00:15 ; elapsed = 00:00:17 . Memory (MB): peak = 1379.082 ; gain = 657.773
---------------------------------------------------------------------------------
Netlist sorting complete. Time (s): cpu = 00:00:00 ; elapsed = 00:00:00.003 . Memory (MB): peak = 1379.082 ; gain = 0.000
INFO: [Project 1-570] Preparing netlist for logic optimization

Processing XDC Constraints
Initializing timing engine
Parsing XDC File [F:/HW/Chip_Design_FPT_Jetking/Semester_2/Final_Project/Git/Final_Project_Semester2_FPT_Jetking/FPGA_CODE/final_project_sem2_ver_09/final_project_sem2_ver_09.srcs/constrs_1/new/pwm_constraint.xdc]
Finished Parsing XDC File [F:/HW/Chip_Design_FPT_Jetking/Semester_2/Final_Project/Git/Final_Project_Semester2_FPT_Jetking/FPGA_CODE/final_project_sem2_ver_09/final_project_sem2_ver_09.srcs/constrs_1/new/pwm_constraint.xdc]
INFO: [Project 1-236] Implementation specific constraints were found while reading constraint file [F:/HW/Chip_Design_FPT_Jetking/Semester_2/Final_Project/Git/Final_Project_Semester2_FPT_Jetking/FPGA_CODE/final_project_sem2_ver_09/final_project_sem2_ver_09.srcs/constrs_1/new/pwm_constraint.xdc]. These constraints will be ignored for synthesis but will be used in implementation. Impacted constraints are listed in the file [.Xil/pwm_gen_propImpl.xdc].
Resolution: To avoid this warning, move constraints listed in [.Xil/pwm_gen_propImpl.xdc] to another XDC file and exclude this new file from synthesis with the used_in_synthesis property (File Properties dialog in GUI) and re-run elaboration/synthesis.
Completed Processing XDC Constraints

Netlist sorting complete. Time (s): cpu = 00:00:00 ; elapsed = 00:00:00 . Memory (MB): peak = 1379.082 ; gain = 0.000
INFO: [Project 1-111] Unisim Transformation Summary:
No Unisim elements were transformed.

Constraint Validation Runtime : Time (s): cpu = 00:00:00 ; elapsed = 00:00:00.010 . Memory (MB): peak = 1379.082 ; gain = 0.000
---------------------------------------------------------------------------------
Finished Constraint Validation : Time (s): cpu = 00:00:30 ; elapsed = 00:00:33 . Memory (MB): peak = 1379.082 ; gain = 657.773
---------------------------------------------------------------------------------
---------------------------------------------------------------------------------
Start Loading Part and Timing Information
---------------------------------------------------------------------------------
Loading part: xc7a35tcpg236-1
---------------------------------------------------------------------------------
Finished Loading Part and Timing Information : Time (s): cpu = 00:00:30 ; elapsed = 00:00:33 . Memory (MB): peak = 1379.082 ; gain = 657.773
---------------------------------------------------------------------------------
---------------------------------------------------------------------------------
Start Applying 'set_property' XDC Constraints
---------------------------------------------------------------------------------
---------------------------------------------------------------------------------
Finished applying 'set_property' XDC Constraints : Time (s): cpu = 00:00:30 ; elapsed = 00:00:33 . Memory (MB): peak = 1379.082 ; gain = 657.773
---------------------------------------------------------------------------------
---------------------------------------------------------------------------------
Finished RTL Optimization Phase 2 : Time (s): cpu = 00:00:31 ; elapsed = 00:00:34 . Memory (MB): peak = 1379.082 ; gain = 657.773
---------------------------------------------------------------------------------
---------------------------------------------------------------------------------
Start RTL Component Statistics 
---------------------------------------------------------------------------------
Detailed RTL Component Info : 
+---Adders : 
	   2 Input   26 Bit       Adders := 1     
+---Registers : 
	               26 Bit    Registers := 1     
	                4 Bit    Registers := 2     
	                1 Bit    Registers := 2     
+---Muxes : 
	   2 Input   11 Bit        Muxes := 1     
	   2 Input    5 Bit        Muxes := 1     
	   2 Input    4 Bit        Muxes := 2     
---------------------------------------------------------------------------------
Finished RTL Component Statistics 
---------------------------------------------------------------------------------
---------------------------------------------------------------------------------
Start Part Resource Summary
---------------------------------------------------------------------------------
Part Resources:
DSPs: 90 (col length:60)
BRAMs: 100 (col length: RAMB18 60 RAMB36 30)
---------------------------------------------------------------------------------
Finished Part Resource Summary
---------------------------------------------------------------------------------
---------------------------------------------------------------------------------
Start Cross Boundary and Area Optimization
---------------------------------------------------------------------------------
---------------------------------------------------------------------------------
Finished Cross Boundary and Area Optimization : Time (s): cpu = 00:00:36 ; elapsed = 00:00:39 . Memory (MB): peak = 1445.457 ; gain = 724.148
---------------------------------------------------------------------------------
---------------------------------------------------------------------------------
Start Applying XDC Timing Constraints
---------------------------------------------------------------------------------
---------------------------------------------------------------------------------
Finished Applying XDC Timing Constraints : Time (s): cpu = 00:00:46 ; elapsed = 00:00:50 . Memory (MB): peak = 1584.676 ; gain = 863.367
---------------------------------------------------------------------------------
---------------------------------------------------------------------------------
Start Timing Optimization
---------------------------------------------------------------------------------
---------------------------------------------------------------------------------
Finished Timing Optimization : Time (s): cpu = 00:00:47 ; elapsed = 00:00:50 . Memory (MB): peak = 1614.629 ; gain = 893.320
---------------------------------------------------------------------------------
---------------------------------------------------------------------------------
Start Technology Mapping
---------------------------------------------------------------------------------
---------------------------------------------------------------------------------
Finished Technology Mapping : Time (s): cpu = 00:00:47 ; elapsed = 00:00:50 . Memory (MB): peak = 1614.629 ; gain = 893.320
---------------------------------------------------------------------------------
---------------------------------------------------------------------------------
Start IO Insertion
---------------------------------------------------------------------------------
---------------------------------------------------------------------------------
Start Flattening Before IO Insertion
---------------------------------------------------------------------------------
---------------------------------------------------------------------------------
Finished Flattening Before IO Insertion
---------------------------------------------------------------------------------
---------------------------------------------------------------------------------
Start Final Netlist Cleanup
---------------------------------------------------------------------------------
---------------------------------------------------------------------------------
Finished Final Netlist Cleanup
---------------------------------------------------------------------------------
---------------------------------------------------------------------------------
Finished IO Insertion : Time (s): cpu = 00:00:55 ; elapsed = 00:00:59 . Memory (MB): peak = 1844.336 ; gain = 1123.027
---------------------------------------------------------------------------------
---------------------------------------------------------------------------------
Start Renaming Generated Instances
---------------------------------------------------------------------------------
---------------------------------------------------------------------------------
Finished Renaming Generated Instances : Time (s): cpu = 00:00:55 ; elapsed = 00:00:59 . Memory (MB): peak = 1844.336 ; gain = 1123.027
---------------------------------------------------------------------------------
---------------------------------------------------------------------------------
Start Rebuilding User Hierarchy
---------------------------------------------------------------------------------
---------------------------------------------------------------------------------
Finished Rebuilding User Hierarchy : Time (s): cpu = 00:00:55 ; elapsed = 00:00:59 . Memory (MB): peak = 1844.336 ; gain = 1123.027
---------------------------------------------------------------------------------
---------------------------------------------------------------------------------
Start Renaming Generated Ports
---------------------------------------------------------------------------------
---------------------------------------------------------------------------------
Finished Renaming Generated Ports : Time (s): cpu = 00:00:55 ; elapsed = 00:00:59 . Memory (MB): peak = 1844.336 ; gain = 1123.027
---------------------------------------------------------------------------------
---------------------------------------------------------------------------------
Start Handling Custom Attributes
---------------------------------------------------------------------------------
---------------------------------------------------------------------------------
Finished Handling Custom Attributes : Time (s): cpu = 00:00:55 ; elapsed = 00:00:59 . Memory (MB): peak = 1844.336 ; gain = 1123.027
---------------------------------------------------------------------------------
---------------------------------------------------------------------------------
Start Renaming Generated Nets
---------------------------------------------------------------------------------
---------------------------------------------------------------------------------
Finished Renaming Generated Nets : Time (s): cpu = 00:00:55 ; elapsed = 00:00:59 . Memory (MB): peak = 1844.336 ; gain = 1123.027
---------------------------------------------------------------------------------
---------------------------------------------------------------------------------
Start Writing Synthesis Report
---------------------------------------------------------------------------------

Report BlackBoxes: 
+-+--------------+----------+
| |BlackBox name |Instances |
+-+--------------+----------+
+-+--------------+----------+

Report Cell Usage: 
+------+-------+------+
|      |Cell   |Count |
+------+-------+------+
|1     |BUFG   |     1|
|2     |CARRY4 |    11|
|3     |LUT1   |     3|
|4     |LUT2   |     3|
|5     |LUT3   |     1|
|6     |LUT4   |    10|
|7     |LUT5   |     4|
|8     |LUT6   |    11|
|9     |FDRE   |    46|
|10    |IBUF   |     6|
|11    |OBUF   |    13|
+------+-------+------+
---------------------------------------------------------------------------------
Finished Writing Synthesis Report : Time (s): cpu = 00:00:55 ; elapsed = 00:00:59 . Memory (MB): peak = 1844.336 ; gain = 1123.027
---------------------------------------------------------------------------------
Synthesis finished with 0 errors, 0 critical warnings and 0 warnings.
Synthesis Optimization Runtime : Time (s): cpu = 00:00:37 ; elapsed = 00:00:55 . Memory (MB): peak = 1844.336 ; gain = 1123.027
Synthesis Optimization Complete : Time (s): cpu = 00:00:56 ; elapsed = 00:00:59 . Memory (MB): peak = 1844.336 ; gain = 1123.027
INFO: [Project 1-571] Translating synthesized netlist
Netlist sorting complete. Time (s): cpu = 00:00:00 ; elapsed = 00:00:00.002 . Memory (MB): peak = 1853.539 ; gain = 0.000
INFO: [Netlist 29-17] Analyzing 11 Unisim elements for replacement
INFO: [Netlist 29-28] Unisim Transformation completed in 0 CPU seconds
INFO: [Project 1-570] Preparing netlist for logic optimization
INFO: [Opt 31-138] Pushed 0 inverter(s) to 0 load pin(s).
Netlist sorting complete. Time (s): cpu = 00:00:00 ; elapsed = 00:00:00 . Memory (MB): peak = 1857.219 ; gain = 0.000
INFO: [Project 1-111] Unisim Transformation Summary:
No Unisim elements were transformed.

Synth Design complete | Checksum: e2f5d891
INFO: [Common 17-83] Releasing license: Synthesis
17 Infos, 0 Warnings, 0 Critical Warnings and 0 Errors encountered.
synth_design completed successfully
synth_design: Time (s): cpu = 00:01:02 ; elapsed = 00:01:30 . Memory (MB): peak = 1857.219 ; gain = 1326.004
Write ShapeDB Complete: Time (s): cpu = 00:00:00 ; elapsed = 00:00:00.002 . Memory (MB): peak = 1857.219 ; gain = 0.000
INFO: [Common 17-1381] The checkpoint 'F:/HW/Chip_Design_FPT_Jetking/Semester_2/Final_Project/Git/Final_Project_Semester2_FPT_Jetking/FPGA_CODE/final_project_sem2_ver_09/final_project_sem2_ver_09.runs/synth_1/pwm_gen.dcp' has been generated.
INFO: [Vivado 12-24828] Executing command : report_utilization -file pwm_gen_utilization_synth.rpt -pb pwm_gen_utilization_synth.pb
INFO: [Common 17-206] Exiting Vivado at Mon Mar 23 20:10:26 2026...
